mode: count
github.com/LucasCarioca/wedding-registration-services/pkg/services/invitation-service.go:19.48,24.2 1 2
github.com/LucasCarioca/wedding-registration-services/pkg/services/invitation-service.go:27.69,31.2 3 2
github.com/LucasCarioca/wedding-registration-services/pkg/services/invitation-service.go:34.100,38.11 4 1
github.com/LucasCarioca/wedding-registration-services/pkg/services/invitation-service.go:41.2,41.16 1 1
github.com/LucasCarioca/wedding-registration-services/pkg/services/invitation-service.go:38.11,40.3 1 0
github.com/LucasCarioca/wedding-registration-services/pkg/services/invitation-service.go:45.83,49.11 4 3
github.com/LucasCarioca/wedding-registration-services/pkg/services/invitation-service.go:52.2,52.16 1 2
github.com/LucasCarioca/wedding-registration-services/pkg/services/invitation-service.go:49.11,51.3 1 1
github.com/LucasCarioca/wedding-registration-services/pkg/services/invitation-service.go:56.147,66.22 3 14
github.com/LucasCarioca/wedding-registration-services/pkg/services/invitation-service.go:69.2,69.15 1 14
github.com/LucasCarioca/wedding-registration-services/pkg/services/invitation-service.go:66.22,68.3 1 0
github.com/LucasCarioca/wedding-registration-services/pkg/services/invitation-service.go:73.86,77.11 4 14
github.com/LucasCarioca/wedding-registration-services/pkg/services/invitation-service.go:80.2,81.16 2 14
github.com/LucasCarioca/wedding-registration-services/pkg/services/invitation-service.go:77.11,79.3 1 0
github.com/LucasCarioca/wedding-registration-services/pkg/services/donation-service.go:21.44,26.2 1 0
github.com/LucasCarioca/wedding-registration-services/pkg/services/donation-service.go:29.63,33.2 3 0
github.com/LucasCarioca/wedding-registration-services/pkg/services/donation-service.go:36.124,45.2 3 0
github.com/LucasCarioca/wedding-registration-services/pkg/services/donation-service.go:48.77,52.11 4 0
github.com/LucasCarioca/wedding-registration-services/pkg/services/donation-service.go:55.2,55.46 1 0
github.com/LucasCarioca/wedding-registration-services/pkg/services/donation-service.go:52.11,54.3 1 0
github.com/LucasCarioca/wedding-registration-services/pkg/services/donation-service.go:59.80,63.11 4 0
github.com/LucasCarioca/wedding-registration-services/pkg/services/donation-service.go:66.2,67.16 2 0
github.com/LucasCarioca/wedding-registration-services/pkg/services/donation-service.go:63.11,65.3 1 0
github.com/LucasCarioca/wedding-registration-services/pkg/services/guest-service.go:21.38,26.2 1 1
github.com/LucasCarioca/wedding-registration-services/pkg/services/guest-service.go:29.54,33.2 3 1
github.com/LucasCarioca/wedding-registration-services/pkg/services/guest-service.go:36.84,40.2 3 1
github.com/LucasCarioca/wedding-registration-services/pkg/services/guest-service.go:43.65,47.2 3 1
github.com/LucasCarioca/wedding-registration-services/pkg/services/guest-service.go:50.105,59.2 3 11
github.com/LucasCarioca/wedding-registration-services/pkg/services/guest-service.go:62.68,66.11 4 3
github.com/LucasCarioca/wedding-registration-services/pkg/services/guest-service.go:69.2,69.43 1 1
github.com/LucasCarioca/wedding-registration-services/pkg/services/guest-service.go:66.11,68.3 1 2
github.com/LucasCarioca/wedding-registration-services/pkg/services/guest-service.go:73.71,77.11 4 11
github.com/LucasCarioca/wedding-registration-services/pkg/services/guest-service.go:80.2,81.16 2 11
github.com/LucasCarioca/wedding-registration-services/pkg/services/guest-service.go:77.11,79.3 1 0
